2019-07-01 00:47:43,730 p=15493 u=student |   [WARNING]: No inventory was parsed, only implicit localhost is available

2019-07-01 00:47:43,732 p=15493 u=student |   [WARNING]: provided hosts list is empty, only localhost is available. Note that the
implicit localhost does not match 'all'

2019-07-01 00:47:44,479 p=15493 u=student |  PLAY [Using our new module] **********************************************************
2019-07-01 00:47:44,491 p=15493 u=student |  TASK [Gathering Facts] ***************************************************************
2019-07-01 00:47:44,491 p=15493 u=student |  Monday 01 July 2019  00:47:44 -0400 (0:00:00.079)       0:00:00.079 *********** 
2019-07-01 00:47:46,379 p=15493 u=student |  ok: [localhost]
2019-07-01 00:47:46,447 p=15493 u=student |  TASK [New module] ********************************************************************
2019-07-01 00:47:46,447 p=15493 u=student |  Monday 01 July 2019  00:47:46 -0400 (0:00:01.956)       0:00:02.035 *********** 
2019-07-01 00:47:47,054 p=15493 u=student |  ok: [localhost]
2019-07-01 00:47:47,148 p=15493 u=student |  TASK [debug] *************************************************************************
2019-07-01 00:47:47,148 p=15493 u=student |  Monday 01 July 2019  00:47:47 -0400 (0:00:00.701)       0:00:02.736 *********** 
2019-07-01 00:47:47,246 p=15493 u=student |  ok: [localhost] => {
    "results.message": "GHOSTBUSTERS"
}
2019-07-01 00:47:47,249 p=15493 u=student |  PLAY RECAP ***************************************************************************
2019-07-01 00:47:47,250 p=15493 u=student |  localhost                  : ok=3    changed=0    unreachable=0    failed=0    skipped=0    rescued=0    ignored=0   
2019-07-01 00:47:47,250 p=15493 u=student |  Monday 01 July 2019  00:47:47 -0400 (0:00:00.101)       0:00:02.838 *********** 
2019-07-01 00:47:47,250 p=15493 u=student |  =============================================================================== 
2019-07-01 00:47:47,250 p=15493 u=student |  Gathering Facts --------------------------------------------------------------- 1.96s
2019-07-01 00:47:47,251 p=15493 u=student |  New module -------------------------------------------------------------------- 0.70s
2019-07-01 00:47:47,251 p=15493 u=student |  debug ------------------------------------------------------------------------- 0.10s
